{"/home/nicoh/esgi/nest/manga-api/src/app.controller.ts": {"path":"/home/nicoh/esgi/nest/manga-api/src/app.controller.ts","statementMap":{"0":{"start":{"line":1,"column":0},"end":{"line":1,"column":49}},"1":{"start":{"line":2,"column":0},"end":{"line":2,"column":62}},"2":{"start":{"line":5,"column":7},"end":{"line":23,"column":null}},"3":{"start":{"line":9,"column":4},"end":{"line":9,"column":46}},"4":{"start":{"line":21,"column":4},"end":{"line":21,"column":82}},"5":{"start":{"line":5,"column":13},"end":{"line":5,"column":26}},"6":{"start":{"line":8,"column":2},"end":{"line":10,"column":null}},"7":{"start":{"line":20,"column":2},"end":{"line":22,"column":null}},"8":{"start":{"line":5,"column":13},"end":{"line":23,"column":null}}},"fnMap":{"0":{"name":"(anonymous_2)","decl":{"start":{"line":8,"column":2},"end":{"line":8,"column":13}},"loc":{"start":{"line":8,"column":13},"end":{"line":10,"column":3}}},"1":{"name":"(anonymous_3)","decl":{"start":{"line":20,"column":2},"end":{"line":20,"column":11}},"loc":{"start":{"line":20,"column":11},"end":{"line":22,"column":3}}}},"branchMap":{},"s":{"0":1,"1":1,"2":1,"3":2,"4":2,"5":1,"6":1,"7":1,"8":1},"f":{"0":2,"1":2},"b":{}}
,"/home/nicoh/esgi/nest/manga-api/src/app.module.ts": {"path":"/home/nicoh/esgi/nest/manga-api/src/app.module.ts","statementMap":{"0":{"start":{"line":1,"column":0},"end":{"line":1,"column":40}},"1":{"start":{"line":2,"column":0},"end":{"line":2,"column":41}},"2":{"start":{"line":3,"column":0},"end":{"line":3,"column":68}},"3":{"start":{"line":4,"column":0},"end":{"line":4,"column":49}},"4":{"start":{"line":5,"column":0},"end":{"line":5,"column":57}},"5":{"start":{"line":6,"column":0},"end":{"line":6,"column":54}},"6":{"start":{"line":7,"column":0},"end":{"line":7,"column":48}},"7":{"start":{"line":8,"column":0},"end":{"line":8,"column":60}},"8":{"start":{"line":9,"column":0},"end":{"line":9,"column":57}},"9":{"start":{"line":43,"column":7},"end":{"line":43,"column":null}},"10":{"start":{"line":43,"column":13},"end":{"line":43,"column":22}},"11":{"start":{"line":43,"column":13},"end":{"line":43,"column":null}}},"fnMap":{},"branchMap":{},"s":{"0":0,"1":0,"2":0,"3":0,"4":0,"5":0,"6":0,"7":0,"8":0,"9":0,"10":0,"11":0},"f":{},"b":{}}
,"/home/nicoh/esgi/nest/manga-api/src/main.ts": {"path":"/home/nicoh/esgi/nest/manga-api/src/main.ts","statementMap":{"0":{"start":{"line":1,"column":0},"end":{"line":1,"column":43}},"1":{"start":{"line":2,"column":0},"end":{"line":2,"column":48}},"2":{"start":{"line":3,"column":0},"end":{"line":3,"column":65}},"3":{"start":{"line":4,"column":0},"end":{"line":4,"column":41}},"4":{"start":{"line":5,"column":0},"end":{"line":5,"column":77}},"5":{"start":{"line":8,"column":14},"end":{"line":8,"column":49}},"6":{"start":{"line":10,"column":2},"end":{"line":10,"column":29}},"7":{"start":{"line":12,"column":2},"end":{"line":12,"column":19}},"8":{"start":{"line":14,"column":2},"end":{"line":20,"column":4}},"9":{"start":{"line":22,"column":2},"end":{"line":22,"column":50}},"10":{"start":{"line":26,"column":24},"end":{"line":35,"column":12}},"11":{"start":{"line":37,"column":19},"end":{"line":37,"column":67}},"12":{"start":{"line":41,"column":2},"end":{"line":43,"column":5}},"13":{"start":{"line":46,"column":27},"end":{"line":46,"column":71}},"14":{"start":{"line":47,"column":2},"end":{"line":47,"column":64}},"15":{"start":{"line":51,"column":2},"end":{"line":51,"column":45}},"16":{"start":{"line":53,"column":2},"end":{"line":53,"column":68}},"17":{"start":{"line":54,"column":2},"end":{"line":54,"column":71}},"18":{"start":{"line":55,"column":2},"end":{"line":55,"column":78}},"19":{"start":{"line":57,"column":0},"end":{"line":57,"column":12}}},"fnMap":{"0":{"name":"bootstrap","decl":{"start":{"line":7,"column":15},"end":{"line":7,"column":24}},"loc":{"start":{"line":7,"column":24},"end":{"line":56,"column":1}}}},"branchMap":{"0":{"loc":{"start":{"line":51,"column":19},"end":{"line":51,"column":43}},"type":"binary-expr","locations":[{"start":{"line":51,"column":19},"end":{"line":51,"column":35}},{"start":{"line":51,"column":39},"end":{"line":51,"column":43}}]}},"s":{"0":0,"1":0,"2":0,"3":0,"4":0,"5":0,"6":0,"7":0,"8":0,"9":0,"10":0,"11":0,"12":0,"13":0,"14":0,"15":0,"16":0,"17":0,"18":0,"19":0},"f":{"0":0},"b":{"0":[0,0]}}
,"/home/nicoh/esgi/nest/manga-api/src/auth/auth.controller.ts": {"path":"/home/nicoh/esgi/nest/manga-api/src/auth/auth.controller.ts","statementMap":{"0":{"start":{"line":1,"column":0},"end":{"line":1,"column":null}},"1":{"start":{"line":11,"column":0},"end":{"line":11,"column":null}},"2":{"start":{"line":18,"column":0},"end":{"line":18,"column":45}},"3":{"start":{"line":19,"column":0},"end":{"line":19,"column":49}},"4":{"start":{"line":20,"column":0},"end":{"line":20,"column":63}},"5":{"start":{"line":24,"column":7},"end":{"line":69,"column":null}},"6":{"start":{"line":25,"column":31},"end":{"line":25,"column":44}},"7":{"start":{"line":34,"column":4},"end":{"line":34,"column":49}},"8":{"start":{"line":45,"column":18},"end":{"line":45,"column":34}},"9":{"start":{"line":46,"column":4},"end":{"line":46,"column":47}},"10":{"start":{"line":55,"column":18},"end":{"line":55,"column":34}},"11":{"start":{"line":56,"column":4},"end":{"line":56,"column":55}},"12":{"start":{"line":66,"column":18},"end":{"line":66,"column":34}},"13":{"start":{"line":67,"column":4},"end":{"line":67,"column":48}},"14":{"start":{"line":24,"column":13},"end":{"line":24,"column":27}},"15":{"start":{"line":33,"column":2},"end":{"line":35,"column":null}},"16":{"start":{"line":44,"column":2},"end":{"line":47,"column":null}},"17":{"start":{"line":54,"column":2},"end":{"line":57,"column":null}},"18":{"start":{"line":65,"column":2},"end":{"line":68,"column":null}},"19":{"start":{"line":24,"column":13},"end":{"line":69,"column":null}}},"fnMap":{"0":{"name":"(anonymous_4)","decl":{"start":{"line":25,"column":2},"end":{"line":25,"column":31}},"loc":{"start":{"line":25,"column":55},"end":{"line":25,"column":59}}},"1":{"name":"(anonymous_5)","decl":{"start":{"line":33,"column":2},"end":{"line":33,"column":10}},"loc":{"start":{"line":33,"column":36},"end":{"line":35,"column":3}}},"2":{"name":"(anonymous_6)","decl":{"start":{"line":44,"column":2},"end":{"line":44,"column":7}},"loc":{"start":{"line":44,"column":38},"end":{"line":47,"column":3}}},"3":{"name":"(anonymous_7)","decl":{"start":{"line":54,"column":2},"end":{"line":54,"column":15}},"loc":{"start":{"line":54,"column":46},"end":{"line":57,"column":3}}},"4":{"name":"(anonymous_8)","decl":{"start":{"line":65,"column":2},"end":{"line":65,"column":15}},"loc":{"start":{"line":65,"column":46},"end":{"line":68,"column":3}}}},"branchMap":{"0":{"loc":{"start":{"line":33,"column":25},"end":{"line":33,"column":null}},"type":"cond-expr","locations":[{"start":{"line":33,"column":36},"end":{"line":33,"column":null}},{"start":{"line":33,"column":36},"end":{"line":33,"column":null}}]},"1":{"loc":{"start":{"line":33,"column":25},"end":{"line":33,"column":36}},"type":"binary-expr","locations":[{"start":{"line":33,"column":25},"end":{"line":33,"column":null}},{"start":{"line":33,"column":25},"end":{"line":33,"column":36}}]},"2":{"loc":{"start":{"line":25,"column":44},"end":{"line":25,"column":58}},"type":"cond-expr","locations":[{"start":{"line":25,"column":55},"end":{"line":25,"column":58}},{"start":{"line":25,"column":55},"end":{"line":25,"column":58}}]},"3":{"loc":{"start":{"line":25,"column":44},"end":{"line":25,"column":55}},"type":"binary-expr","locations":[{"start":{"line":25,"column":44},"end":{"line":25,"column":58}},{"start":{"line":25,"column":44},"end":{"line":25,"column":55}}]}},"s":{"0":1,"1":1,"2":1,"3":1,"4":1,"5":1,"6":4,"7":1,"8":1,"9":1,"10":1,"11":1,"12":1,"13":1,"14":1,"15":1,"16":1,"17":1,"18":1,"19":1},"f":{"0":4,"1":1,"2":1,"3":1,"4":1},"b":{"0":[1,0],"1":[1,1],"2":[1,0],"3":[1,1]}}
,"/home/nicoh/esgi/nest/manga-api/src/auth/auth.module.ts": {"path":"/home/nicoh/esgi/nest/manga-api/src/auth/auth.module.ts","statementMap":{"0":{"start":{"line":1,"column":0},"end":{"line":1,"column":40}},"1":{"start":{"line":2,"column":0},"end":{"line":2,"column":51}},"2":{"start":{"line":3,"column":0},"end":{"line":3,"column":45}},"3":{"start":{"line":10,"column":7},"end":{"line":10,"column":null}},"4":{"start":{"line":10,"column":13},"end":{"line":10,"column":23}},"5":{"start":{"line":10,"column":13},"end":{"line":10,"column":null}}},"fnMap":{},"branchMap":{},"s":{"0":0,"1":0,"2":0,"3":0,"4":0,"5":0},"f":{},"b":{}}
,"/home/nicoh/esgi/nest/manga-api/src/auth/auth.service.ts": {"path":"/home/nicoh/esgi/nest/manga-api/src/auth/auth.service.ts","statementMap":{"0":{"start":{"line":1,"column":0},"end":{"line":1,"column":null}},"1":{"start":{"line":6,"column":0},"end":{"line":6,"column":36}},"2":{"start":{"line":7,"column":0},"end":{"line":7,"column":60}},"3":{"start":{"line":18,"column":7},"end":{"line":79,"column":null}},"4":{"start":{"line":19,"column":31},"end":{"line":19,"column":40}},"5":{"start":{"line":22,"column":18},"end":{"line":22,"column":57}},"6":{"start":{"line":24,"column":4},"end":{"line":26,"column":5}},"7":{"start":{"line":24,"column":26},"end":{"line":24,"column":43}},"8":{"start":{"line":25,"column":6},"end":{"line":25,"column":74}},"9":{"start":{"line":28,"column":26},"end":{"line":34,"column":6}},"10":{"start":{"line":36,"column":4},"end":{"line":36,"column":58}},"11":{"start":{"line":38,"column":4},"end":{"line":38,"column":38}},"12":{"start":{"line":42,"column":18},"end":{"line":42,"column":57}},"13":{"start":{"line":43,"column":17},"end":{"line":43,"column":55}},"14":{"start":{"line":43,"column":35},"end":{"line":43,"column":54}},"15":{"start":{"line":44,"column":4},"end":{"line":46,"column":5}},"16":{"start":{"line":45,"column":6},"end":{"line":45,"column":52}},"17":{"start":{"line":47,"column":4},"end":{"line":47,"column":16}},"18":{"start":{"line":51,"column":18},"end":{"line":51,"column":57}},"19":{"start":{"line":52,"column":18},"end":{"line":52,"column":61}},"20":{"start":{"line":52,"column":41},"end":{"line":52,"column":60}},"21":{"start":{"line":53,"column":4},"end":{"line":55,"column":5}},"22":{"start":{"line":54,"column":6},"end":{"line":54,"column":52}},"23":{"start":{"line":57,"column":19},"end":{"line":57,"column":27}},"24":{"start":{"line":58,"column":4},"end":{"line":58,"column":55}},"25":{"start":{"line":59,"column":4},"end":{"line":59,"column":44}},"26":{"start":{"line":61,"column":4},"end":{"line":61,"column":30}},"27":{"start":{"line":65,"column":18},"end":{"line":65,"column":57}},"28":{"start":{"line":66,"column":18},"end":{"line":66,"column":61}},"29":{"start":{"line":66,"column":41},"end":{"line":66,"column":60}},"30":{"start":{"line":67,"column":4},"end":{"line":69,"column":5}},"31":{"start":{"line":68,"column":6},"end":{"line":68,"column":52}},"32":{"start":{"line":71,"column":4},"end":{"line":71,"column":27}},"33":{"start":{"line":72,"column":4},"end":{"line":72,"column":44}},"34":{"start":{"line":76,"column":18},"end":{"line":76,"column":57}},"35":{"start":{"line":77,"column":4},"end":{"line":77,"column":50}},"36":{"start":{"line":77,"column":29},"end":{"line":77,"column":48}},"37":{"start":{"line":18,"column":13},"end":{"line":18,"column":24}},"38":{"start":{"line":18,"column":13},"end":{"line":79,"column":null}}},"fnMap":{"0":{"name":"(anonymous_2)","decl":{"start":{"line":19,"column":2},"end":{"line":19,"column":31}},"loc":{"start":{"line":19,"column":54},"end":{"line":19,"column":58}}},"1":{"name":"(anonymous_3)","decl":{"start":{"line":21,"column":2},"end":{"line":21,"column":10}},"loc":{"start":{"line":21,"column":24},"end":{"line":39,"column":3}}},"2":{"name":"(anonymous_4)","decl":{"start":{"line":24,"column":19},"end":{"line":24,"column":20}},"loc":{"start":{"line":24,"column":26},"end":{"line":24,"column":43}}},"3":{"name":"(anonymous_5)","decl":{"start":{"line":41,"column":2},"end":{"line":41,"column":7}},"loc":{"start":{"line":41,"column":22},"end":{"line":48,"column":3}}},"4":{"name":"(anonymous_6)","decl":{"start":{"line":43,"column":28},"end":{"line":43,"column":29}},"loc":{"start":{"line":43,"column":35},"end":{"line":43,"column":54}}},"5":{"name":"(anonymous_7)","decl":{"start":{"line":50,"column":2},"end":{"line":50,"column":15}},"loc":{"start":{"line":50,"column":30},"end":{"line":62,"column":3}}},"6":{"name":"(anonymous_8)","decl":{"start":{"line":52,"column":34},"end":{"line":52,"column":35}},"loc":{"start":{"line":52,"column":41},"end":{"line":52,"column":60}}},"7":{"name":"(anonymous_9)","decl":{"start":{"line":64,"column":2},"end":{"line":64,"column":15}},"loc":{"start":{"line":64,"column":30},"end":{"line":73,"column":3}}},"8":{"name":"(anonymous_10)","decl":{"start":{"line":66,"column":34},"end":{"line":66,"column":35}},"loc":{"start":{"line":66,"column":41},"end":{"line":66,"column":60}}},"9":{"name":"(anonymous_11)","decl":{"start":{"line":75,"column":2},"end":{"line":75,"column":14}},"loc":{"start":{"line":75,"column":29},"end":{"line":78,"column":3}}},"10":{"name":"(anonymous_12)","decl":{"start":{"line":77,"column":22},"end":{"line":77,"column":23}},"loc":{"start":{"line":77,"column":29},"end":{"line":77,"column":48}}}},"branchMap":{"0":{"loc":{"start":{"line":24,"column":4},"end":{"line":26,"column":5}},"type":"if","locations":[{"start":{"line":24,"column":4},"end":{"line":26,"column":5}},{"start":{},"end":{}}]},"1":{"loc":{"start":{"line":44,"column":4},"end":{"line":46,"column":5}},"type":"if","locations":[{"start":{"line":44,"column":4},"end":{"line":46,"column":5}},{"start":{},"end":{}}]},"2":{"loc":{"start":{"line":53,"column":4},"end":{"line":55,"column":5}},"type":"if","locations":[{"start":{"line":53,"column":4},"end":{"line":55,"column":5}},{"start":{},"end":{}}]},"3":{"loc":{"start":{"line":67,"column":4},"end":{"line":69,"column":5}},"type":"if","locations":[{"start":{"line":67,"column":4},"end":{"line":69,"column":5}},{"start":{},"end":{}}]},"4":{"loc":{"start":{"line":19,"column":40},"end":{"line":19,"column":57}},"type":"cond-expr","locations":[{"start":{"line":19,"column":54},"end":{"line":19,"column":57}},{"start":{"line":19,"column":54},"end":{"line":19,"column":57}}]},"5":{"loc":{"start":{"line":19,"column":40},"end":{"line":19,"column":54}},"type":"binary-expr","locations":[{"start":{"line":19,"column":40},"end":{"line":19,"column":57}},{"start":{"line":19,"column":40},"end":{"line":19,"column":54}}]}},"s":{"0":3,"1":3,"2":3,"3":3,"4":15,"5":5,"6":5,"7":6,"8":2,"9":3,"10":3,"11":3,"12":2,"13":2,"14":3,"15":2,"16":1,"17":1,"18":3,"19":3,"20":6,"21":3,"22":1,"23":2,"24":2,"25":2,"26":2,"27":3,"28":3,"29":6,"30":3,"31":1,"32":2,"33":2,"34":2,"35":2,"36":3,"37":3,"38":3},"f":{"0":15,"1":5,"2":6,"3":2,"4":3,"5":3,"6":6,"7":3,"8":6,"9":2,"10":3},"b":{"0":[2,3],"1":[1,1],"2":[1,2],"3":[1,2],"4":[3,0],"5":[3,3]}}
,"/home/nicoh/esgi/nest/manga-api/src/auth/dto/register.dto.ts": {"path":"/home/nicoh/esgi/nest/manga-api/src/auth/dto/register.dto.ts","statementMap":{"0":{"start":{"line":1,"column":0},"end":{"line":1,"column":54}},"1":{"start":{"line":2,"column":0},"end":{"line":2,"column":46}},"2":{"start":{"line":4,"column":0},"end":{"line":4,"column":13}},"3":{"start":{"line":8,"column":2},"end":{"line":8,"column":null}}},"fnMap":{},"branchMap":{},"s":{"0":1,"1":1,"2":1,"3":1},"f":{},"b":{}}
,"/home/nicoh/esgi/nest/manga-api/src/common/decorators/admin.decorator.ts": {"path":"/home/nicoh/esgi/nest/manga-api/src/common/decorators/admin.decorator.ts","statementMap":{"0":{"start":{"line":1,"column":0},"end":{"line":1,"column":45}},"1":{"start":{"line":3,"column":13},"end":{"line":3,"column":38}},"2":{"start":{"line":9,"column":25},"end":{"line":9,"column":62}},"3":{"start":{"line":9,"column":31},"end":{"line":9,"column":62}},"4":{"start":{"line":9,"column":13},"end":{"line":9,"column":25}}},"fnMap":{"0":{"name":"(anonymous_0)","decl":{"start":{"line":9,"column":25},"end":{"line":9,"column":28}},"loc":{"start":{"line":9,"column":31},"end":{"line":9,"column":62}}}},"branchMap":{},"s":{"0":2,"1":2,"2":2,"3":4,"4":2},"f":{"0":4},"b":{}}
,"/home/nicoh/esgi/nest/manga-api/src/common/decorators/public.decorator.ts": {"path":"/home/nicoh/esgi/nest/manga-api/src/common/decorators/public.decorator.ts","statementMap":{"0":{"start":{"line":1,"column":0},"end":{"line":1,"column":45}},"1":{"start":{"line":3,"column":13},"end":{"line":3,"column":40}},"2":{"start":{"line":9,"column":22},"end":{"line":9,"column":60}},"3":{"start":{"line":9,"column":28},"end":{"line":9,"column":60}},"4":{"start":{"line":9,"column":13},"end":{"line":9,"column":22}}},"fnMap":{"0":{"name":"(anonymous_0)","decl":{"start":{"line":9,"column":22},"end":{"line":9,"column":25}},"loc":{"start":{"line":9,"column":28},"end":{"line":9,"column":60}}}},"branchMap":{},"s":{"0":3,"1":3,"2":3,"3":2,"4":3},"f":{"0":2},"b":{}}
,"/home/nicoh/esgi/nest/manga-api/src/common/filters/http-exception.filter.ts": {"path":"/home/nicoh/esgi/nest/manga-api/src/common/filters/http-exception.filter.ts","statementMap":{"0":{"start":{"line":1,"column":0},"end":{"line":1,"column":null}},"1":{"start":{"line":20,"column":32},"end":{"line":82,"column":null}},"2":{"start":{"line":21,"column":28},"end":{"line":21,"column":64}},"3":{"start":{"line":24,"column":16},"end":{"line":24,"column":35}},"4":{"start":{"line":25,"column":21},"end":{"line":25,"column":48}},"5":{"start":{"line":26,"column":20},"end":{"line":26,"column":45}},"6":{"start":{"line":32,"column":4},"end":{"line":56,"column":5}},"7":{"start":{"line":33,"column":6},"end":{"line":33,"column":37}},"8":{"start":{"line":34,"column":32},"end":{"line":34,"column":55}},"9":{"start":{"line":36,"column":6},"end":{"line":44,"column":7}},"10":{"start":{"line":37,"column":8},"end":{"line":37,"column":36}},"11":{"start":{"line":38,"column":13},"end":{"line":44,"column":7}},"12":{"start":{"line":39,"column":18},"end":{"line":39,"column":62}},"13":{"start":{"line":41,"column":8},"end":{"line":41,"column":72}},"14":{"start":{"line":43,"column":8},"end":{"line":43,"column":36}},"15":{"start":{"line":46,"column":6},"end":{"line":46,"column":41}},"16":{"start":{"line":49,"column":6},"end":{"line":49,"column":48}},"17":{"start":{"line":50,"column":6},"end":{"line":50,"column":38}},"18":{"start":{"line":52,"column":6},"end":{"line":52,"column":72}},"19":{"start":{"line":55,"column":6},"end":{"line":55,"column":113}},"20":{"start":{"line":58,"column":32},"end":{"line":64,"column":6}},"21":{"start":{"line":66,"column":4},"end":{"line":66,"column":39}},"22":{"start":{"line":70,"column":40},"end":{"line":79,"column":6}},"23":{"start":{"line":80,"column":4},"end":{"line":80,"column":34}},"24":{"start":{"line":20,"column":13},"end":{"line":20,"column":32}},"25":{"start":{"line":20,"column":13},"end":{"line":82,"column":null}}},"fnMap":{"0":{"name":"(anonymous_1)","decl":{"start":{"line":23,"column":2},"end":{"line":23,"column":7}},"loc":{"start":{"line":23,"column":47},"end":{"line":67,"column":3}}},"1":{"name":"(anonymous_2)","decl":{"start":{"line":69,"column":10},"end":{"line":69,"column":23}},"loc":{"start":{"line":69,"column":38},"end":{"line":81,"column":3}}}},"branchMap":{"0":{"loc":{"start":{"line":32,"column":4},"end":{"line":56,"column":5}},"type":"if","locations":[{"start":{"line":32,"column":4},"end":{"line":56,"column":5}},{"start":{"line":47,"column":11},"end":{"line":56,"column":5}}]},"1":{"loc":{"start":{"line":36,"column":6},"end":{"line":44,"column":7}},"type":"if","locations":[{"start":{"line":36,"column":6},"end":{"line":44,"column":7}},{"start":{"line":38,"column":13},"end":{"line":44,"column":7}}]},"2":{"loc":{"start":{"line":38,"column":13},"end":{"line":44,"column":7}},"type":"if","locations":[{"start":{"line":38,"column":13},"end":{"line":44,"column":7}},{"start":{"line":42,"column":13},"end":{"line":44,"column":7}}]},"3":{"loc":{"start":{"line":38,"column":17},"end":{"line":38,"column":84}},"type":"binary-expr","locations":[{"start":{"line":38,"column":17},"end":{"line":38,"column":54}},{"start":{"line":38,"column":58},"end":{"line":38,"column":84}}]},"4":{"loc":{"start":{"line":41,"column":19},"end":{"line":41,"column":71}},"type":"binary-expr","locations":[{"start":{"line":41,"column":19},"end":{"line":41,"column":50}},{"start":{"line":41,"column":54},"end":{"line":41,"column":71}}]},"5":{"loc":{"start":{"line":55,"column":47},"end":{"line":55,"column":111}},"type":"cond-expr","locations":[{"start":{"line":55,"column":76},"end":{"line":55,"column":91}},{"start":{"line":55,"column":94},"end":{"line":55,"column":111}}]},"6":{"loc":{"start":{"line":80,"column":11},"end":{"line":80,"column":33}},"type":"binary-expr","locations":[{"start":{"line":80,"column":11},"end":{"line":80,"column":22}},{"start":{"line":80,"column":26},"end":{"line":80,"column":33}}]}},"s":{"0":1,"1":1,"2":12,"3":12,"4":12,"5":12,"6":12,"7":9,"8":9,"9":9,"10":8,"11":1,"12":1,"13":1,"14":0,"15":9,"16":3,"17":3,"18":3,"19":3,"20":12,"21":12,"22":9,"23":9,"24":1,"25":1},"f":{"0":12,"1":9},"b":{"0":[9,3],"1":[8,1],"2":[1,0],"3":[1,1],"4":[1,0],"5":[3,0],"6":[9,0]}}
,"/home/nicoh/esgi/nest/manga-api/src/common/guards/admin.guard.ts": {"path":"/home/nicoh/esgi/nest/manga-api/src/common/guards/admin.guard.ts","statementMap":{"0":{"start":{"line":1,"column":0},"end":{"line":1,"column":null}},"1":{"start":{"line":7,"column":0},"end":{"line":7,"column":41}},"2":{"start":{"line":9,"column":0},"end":{"line":9,"column":61}},"3":{"start":{"line":13,"column":7},"end":{"line":39,"column":null}},"4":{"start":{"line":14,"column":31},"end":{"line":14,"column":42}},"5":{"start":{"line":17,"column":26},"end":{"line":20,"column":6}},"6":{"start":{"line":22,"column":4},"end":{"line":24,"column":5}},"7":{"start":{"line":23,"column":6},"end":{"line":23,"column":18}},"8":{"start":{"line":26,"column":20},"end":{"line":26,"column":64}},"9":{"start":{"line":27,"column":18},"end":{"line":27,"column":58}},"10":{"start":{"line":31,"column":4},"end":{"line":35,"column":5}},"11":{"start":{"line":32,"column":6},"end":{"line":34,"column":8}},"12":{"start":{"line":37,"column":4},"end":{"line":37,"column":16}},"13":{"start":{"line":13,"column":13},"end":{"line":13,"column":23}},"14":{"start":{"line":13,"column":13},"end":{"line":39,"column":null}}},"fnMap":{"0":{"name":"(anonymous_2)","decl":{"start":{"line":14,"column":2},"end":{"line":14,"column":31}},"loc":{"start":{"line":14,"column":51},"end":{"line":14,"column":55}}},"1":{"name":"(anonymous_3)","decl":{"start":{"line":16,"column":2},"end":{"line":16,"column":13}},"loc":{"start":{"line":16,"column":39},"end":{"line":38,"column":3}}}},"branchMap":{"0":{"loc":{"start":{"line":22,"column":4},"end":{"line":24,"column":5}},"type":"if","locations":[{"start":{"line":22,"column":4},"end":{"line":24,"column":5}},{"start":{},"end":{}}]},"1":{"loc":{"start":{"line":31,"column":4},"end":{"line":35,"column":5}},"type":"if","locations":[{"start":{"line":31,"column":4},"end":{"line":35,"column":5}},{"start":{},"end":{}}]},"2":{"loc":{"start":{"line":31,"column":8},"end":{"line":31,"column":38}},"type":"binary-expr","locations":[{"start":{"line":31,"column":8},"end":{"line":31,"column":13}},{"start":{"line":31,"column":17},"end":{"line":31,"column":38}}]},"3":{"loc":{"start":{"line":14,"column":42},"end":{"line":14,"column":54}},"type":"cond-expr","locations":[{"start":{"line":14,"column":51},"end":{"line":14,"column":54}},{"start":{"line":14,"column":51},"end":{"line":14,"column":54}}]},"4":{"loc":{"start":{"line":14,"column":42},"end":{"line":14,"column":51}},"type":"binary-expr","locations":[{"start":{"line":14,"column":42},"end":{"line":14,"column":54}},{"start":{"line":14,"column":42},"end":{"line":14,"column":51}}]}},"s":{"0":1,"1":1,"2":1,"3":1,"4":5,"5":5,"6":5,"7":2,"8":3,"9":3,"10":3,"11":2,"12":1,"13":1,"14":1},"f":{"0":5,"1":5},"b":{"0":[2,3],"1":[2,1],"2":[3,2],"3":[1,0],"4":[1,1]}}
,"/home/nicoh/esgi/nest/manga-api/src/common/guards/api-key.guard.ts": {"path":"/home/nicoh/esgi/nest/manga-api/src/common/guards/api-key.guard.ts","statementMap":{"0":{"start":{"line":1,"column":0},"end":{"line":1,"column":null}},"1":{"start":{"line":8,"column":0},"end":{"line":8,"column":41}},"2":{"start":{"line":10,"column":0},"end":{"line":10,"column":63}},"3":{"start":{"line":11,"column":0},"end":{"line":11,"column":54}},"4":{"start":{"line":14,"column":7},"end":{"line":53,"column":null}},"5":{"start":{"line":16,"column":21},"end":{"line":16,"column":32}},"6":{"start":{"line":17,"column":21},"end":{"line":17,"column":34}},"7":{"start":{"line":22,"column":21},"end":{"line":25,"column":6}},"8":{"start":{"line":27,"column":4},"end":{"line":29,"column":5}},"9":{"start":{"line":28,"column":6},"end":{"line":28,"column":18}},"10":{"start":{"line":31,"column":20},"end":{"line":31,"column":64}},"11":{"start":{"line":32,"column":19},"end":{"line":32,"column":69}},"12":{"start":{"line":35,"column":4},"end":{"line":39,"column":5}},"13":{"start":{"line":36,"column":6},"end":{"line":38,"column":8}},"14":{"start":{"line":41,"column":17},"end":{"line":41,"column":54}},"15":{"start":{"line":44,"column":4},"end":{"line":46,"column":5}},"16":{"start":{"line":45,"column":6},"end":{"line":45,"column":55}},"17":{"start":{"line":49,"column":5},"end":{"line":49,"column":33}},"18":{"start":{"line":51,"column":4},"end":{"line":51,"column":16}},"19":{"start":{"line":14,"column":13},"end":{"line":14,"column":24}},"20":{"start":{"line":14,"column":13},"end":{"line":53,"column":null}}},"fnMap":{"0":{"name":"(anonymous_2)","decl":{"start":{"line":15,"column":2},"end":{"line":15,"column":null}},"loc":{"start":{"line":17,"column":45},"end":{"line":18,"column":6}}},"1":{"name":"(anonymous_3)","decl":{"start":{"line":20,"column":2},"end":{"line":20,"column":13}},"loc":{"start":{"line":20,"column":39},"end":{"line":52,"column":3}}}},"branchMap":{"0":{"loc":{"start":{"line":27,"column":4},"end":{"line":29,"column":5}},"type":"if","locations":[{"start":{"line":27,"column":4},"end":{"line":29,"column":5}},{"start":{},"end":{}}]},"1":{"loc":{"start":{"line":35,"column":4},"end":{"line":39,"column":5}},"type":"if","locations":[{"start":{"line":35,"column":4},"end":{"line":39,"column":5}},{"start":{},"end":{}}]},"2":{"loc":{"start":{"line":44,"column":4},"end":{"line":46,"column":5}},"type":"if","locations":[{"start":{"line":44,"column":4},"end":{"line":46,"column":5}},{"start":{},"end":{}}]},"3":{"loc":{"start":{"line":16,"column":32},"end":{"line":16,"column":null}},"type":"cond-expr","locations":[{"start":{"line":16,"column":41},"end":{"line":16,"column":null}},{"start":{"line":16,"column":41},"end":{"line":16,"column":null}}]},"4":{"loc":{"start":{"line":16,"column":32},"end":{"line":16,"column":41}},"type":"binary-expr","locations":[{"start":{"line":16,"column":32},"end":{"line":16,"column":null}},{"start":{"line":16,"column":32},"end":{"line":16,"column":41}}]},"5":{"loc":{"start":{"line":16,"column":41},"end":{"line":17,"column":null}},"type":"cond-expr","locations":[{"start":{"line":17,"column":45},"end":{"line":17,"column":null}},{"start":{"line":17,"column":45},"end":{"line":17,"column":null}}]},"6":{"loc":{"start":{"line":16,"column":41},"end":{"line":17,"column":45}},"type":"binary-expr","locations":[{"start":{"line":16,"column":41},"end":{"line":17,"column":null}},{"start":{"line":17,"column":34},"end":{"line":17,"column":45}}]}},"s":{"0":1,"1":1,"2":1,"3":1,"4":1,"5":5,"6":5,"7":5,"8":5,"9":1,"10":4,"11":4,"12":4,"13":1,"14":3,"15":3,"16":1,"17":2,"18":2,"19":1,"20":1},"f":{"0":5,"1":5},"b":{"0":[1,4],"1":[1,3],"2":[1,2],"3":[1,0],"4":[1,1],"5":[1,0],"6":[1,1]}}
,"/home/nicoh/esgi/nest/manga-api/src/mangas/mangas.controller.ts": {"path":"/home/nicoh/esgi/nest/manga-api/src/mangas/mangas.controller.ts","statementMap":{"0":{"start":{"line":1,"column":0},"end":{"line":1,"column":null}},"1":{"start":{"line":18,"column":0},"end":{"line":18,"column":null}},"2":{"start":{"line":26,"column":0},"end":{"line":26,"column":49}},"3":{"start":{"line":27,"column":0},"end":{"line":27,"column":54}},"4":{"start":{"line":28,"column":0},"end":{"line":28,"column":56}},"5":{"start":{"line":29,"column":0},"end":{"line":29,"column":56}},"6":{"start":{"line":30,"column":0},"end":{"line":30,"column":65}},"7":{"start":{"line":35,"column":7},"end":{"line":130,"column":null}},"8":{"start":{"line":36,"column":31},"end":{"line":36,"column":46}},"9":{"start":{"line":51,"column":4},"end":{"line":51,"column":45}},"10":{"start":{"line":60,"column":4},"end":{"line":62,"column":5}},"11":{"start":{"line":61,"column":6},"end":{"line":61,"column":87}},"12":{"start":{"line":63,"column":4},"end":{"line":63,"column":47}},"13":{"start":{"line":72,"column":4},"end":{"line":72,"column":42}},"14":{"start":{"line":82,"column":4},"end":{"line":82,"column":35}},"15":{"start":{"line":83,"column":4},"end":{"line":83,"column":27}},"16":{"start":{"line":96,"column":4},"end":{"line":96,"column":43}},"17":{"start":{"line":107,"column":4},"end":{"line":107,"column":48}},"18":{"start":{"line":117,"column":4},"end":{"line":117,"column":47}},"19":{"start":{"line":128,"column":4},"end":{"line":128,"column":34}},"20":{"start":{"line":35,"column":13},"end":{"line":35,"column":29}},"21":{"start":{"line":50,"column":2},"end":{"line":52,"column":null}},"22":{"start":{"line":59,"column":2},"end":{"line":64,"column":null}},"23":{"start":{"line":71,"column":2},"end":{"line":73,"column":null}},"24":{"start":{"line":81,"column":2},"end":{"line":84,"column":null}},"25":{"start":{"line":95,"column":2},"end":{"line":97,"column":null}},"26":{"start":{"line":106,"column":2},"end":{"line":108,"column":null}},"27":{"start":{"line":116,"column":2},"end":{"line":118,"column":null}},"28":{"start":{"line":127,"column":2},"end":{"line":129,"column":null}},"29":{"start":{"line":35,"column":13},"end":{"line":130,"column":null}}},"fnMap":{"0":{"name":"(anonymous_4)","decl":{"start":{"line":36,"column":2},"end":{"line":36,"column":31}},"loc":{"start":{"line":36,"column":59},"end":{"line":36,"column":63}}},"1":{"name":"(anonymous_5)","decl":{"start":{"line":50,"column":2},"end":{"line":50,"column":9}},"loc":{"start":{"line":50,"column":39},"end":{"line":52,"column":3}}},"2":{"name":"(anonymous_6)","decl":{"start":{"line":59,"column":2},"end":{"line":59,"column":8}},"loc":{"start":{"line":59,"column":30},"end":{"line":64,"column":3}}},"3":{"name":"(anonymous_7)","decl":{"start":{"line":71,"column":2},"end":{"line":71,"column":9}},"loc":{"start":{"line":71,"column":47},"end":{"line":73,"column":3}}},"4":{"name":"(anonymous_8)","decl":{"start":{"line":81,"column":2},"end":{"line":81,"column":9}},"loc":{"start":{"line":81,"column":69},"end":{"line":84,"column":3}}},"5":{"name":"(anonymous_9)","decl":{"start":{"line":95,"column":2},"end":{"line":95,"column":8}},"loc":{"start":{"line":95,"column":37},"end":{"line":97,"column":3}}},"6":{"name":"(anonymous_10)","decl":{"start":{"line":106,"column":2},"end":{"line":106,"column":9}},"loc":{"start":{"line":106,"column":77},"end":{"line":108,"column":3}}},"7":{"name":"(anonymous_11)","decl":{"start":{"line":116,"column":2},"end":{"line":116,"column":8}},"loc":{"start":{"line":116,"column":76},"end":{"line":118,"column":3}}},"8":{"name":"(anonymous_12)","decl":{"start":{"line":127,"column":2},"end":{"line":127,"column":8}},"loc":{"start":{"line":127,"column":46},"end":{"line":129,"column":3}}}},"branchMap":{"0":{"loc":{"start":{"line":60,"column":4},"end":{"line":62,"column":5}},"type":"if","locations":[{"start":{"line":60,"column":4},"end":{"line":62,"column":5}},{"start":{},"end":{}}]},"1":{"loc":{"start":{"line":60,"column":8},"end":{"line":60,"column":35}},"type":"binary-expr","locations":[{"start":{"line":60,"column":8},"end":{"line":60,"column":10}},{"start":{"line":60,"column":14},"end":{"line":60,"column":35}}]},"2":{"loc":{"start":{"line":50,"column":26},"end":{"line":50,"column":null}},"type":"cond-expr","locations":[{"start":{"line":50,"column":39},"end":{"line":50,"column":null}},{"start":{"line":50,"column":39},"end":{"line":50,"column":null}}]},"3":{"loc":{"start":{"line":50,"column":26},"end":{"line":50,"column":39}},"type":"binary-expr","locations":[{"start":{"line":50,"column":26},"end":{"line":50,"column":null}},{"start":{"line":50,"column":26},"end":{"line":50,"column":39}}]},"4":{"loc":{"start":{"line":95,"column":23},"end":{"line":95,"column":null}},"type":"cond-expr","locations":[{"start":{"line":95,"column":37},"end":{"line":95,"column":null}},{"start":{"line":95,"column":37},"end":{"line":95,"column":null}}]},"5":{"loc":{"start":{"line":95,"column":23},"end":{"line":95,"column":37}},"type":"binary-expr","locations":[{"start":{"line":95,"column":23},"end":{"line":95,"column":null}},{"start":{"line":95,"column":23},"end":{"line":95,"column":37}}]},"6":{"loc":{"start":{"line":106,"column":63},"end":{"line":106,"column":null}},"type":"cond-expr","locations":[{"start":{"line":106,"column":77},"end":{"line":106,"column":null}},{"start":{"line":106,"column":77},"end":{"line":106,"column":null}}]},"7":{"loc":{"start":{"line":106,"column":63},"end":{"line":106,"column":77}},"type":"binary-expr","locations":[{"start":{"line":106,"column":63},"end":{"line":106,"column":null}},{"start":{"line":106,"column":63},"end":{"line":106,"column":77}}]},"8":{"loc":{"start":{"line":116,"column":62},"end":{"line":116,"column":null}},"type":"cond-expr","locations":[{"start":{"line":116,"column":76},"end":{"line":116,"column":null}},{"start":{"line":116,"column":76},"end":{"line":116,"column":null}}]},"9":{"loc":{"start":{"line":116,"column":62},"end":{"line":116,"column":76}},"type":"binary-expr","locations":[{"start":{"line":116,"column":62},"end":{"line":116,"column":null}},{"start":{"line":116,"column":62},"end":{"line":116,"column":76}}]},"10":{"loc":{"start":{"line":36,"column":46},"end":{"line":36,"column":62}},"type":"cond-expr","locations":[{"start":{"line":36,"column":59},"end":{"line":36,"column":62}},{"start":{"line":36,"column":59},"end":{"line":36,"column":62}}]},"11":{"loc":{"start":{"line":36,"column":46},"end":{"line":36,"column":59}},"type":"binary-expr","locations":[{"start":{"line":36,"column":46},"end":{"line":36,"column":62}},{"start":{"line":36,"column":46},"end":{"line":36,"column":59}}]}},"s":{"0":1,"1":1,"2":1,"3":1,"4":1,"5":1,"6":1,"7":1,"8":11,"9":2,"10":3,"11":2,"12":1,"13":1,"14":1,"15":1,"16":1,"17":1,"18":1,"19":1,"20":1,"21":1,"22":1,"23":1,"24":1,"25":1,"26":1,"27":1,"28":1,"29":1},"f":{"0":11,"1":2,"2":3,"3":1,"4":1,"5":1,"6":1,"7":1,"8":1},"b":{"0":[2,1],"1":[3,2],"2":[1,0],"3":[1,1],"4":[1,0],"5":[1,1],"6":[1,0],"7":[1,1],"8":[1,0],"9":[1,1],"10":[1,0],"11":[1,1]}}
,"/home/nicoh/esgi/nest/manga-api/src/mangas/mangas.module.ts": {"path":"/home/nicoh/esgi/nest/manga-api/src/mangas/mangas.module.ts","statementMap":{"0":{"start":{"line":1,"column":0},"end":{"line":1,"column":40}},"1":{"start":{"line":2,"column":0},"end":{"line":2,"column":55}},"2":{"start":{"line":3,"column":0},"end":{"line":3,"column":49}},"3":{"start":{"line":10,"column":7},"end":{"line":10,"column":null}},"4":{"start":{"line":10,"column":13},"end":{"line":10,"column":25}},"5":{"start":{"line":10,"column":13},"end":{"line":10,"column":null}}},"fnMap":{},"branchMap":{},"s":{"0":0,"1":0,"2":0,"3":0,"4":0,"5":0},"f":{},"b":{}}
,"/home/nicoh/esgi/nest/manga-api/src/mangas/mangas.service.ts": {"path":"/home/nicoh/esgi/nest/manga-api/src/mangas/mangas.service.ts","statementMap":{"0":{"start":{"line":1,"column":0},"end":{"line":1,"column":null}},"1":{"start":{"line":6,"column":0},"end":{"line":6,"column":60}},"2":{"start":{"line":24,"column":7},"end":{"line":143,"column":null}},"3":{"start":{"line":25,"column":31},"end":{"line":25,"column":40}},"4":{"start":{"line":28,"column":17},"end":{"line":28,"column":58}},"5":{"start":{"line":30,"column":4},"end":{"line":34,"column":5}},"6":{"start":{"line":31,"column":6},"end":{"line":33,"column":8}},"7":{"start":{"line":32,"column":8},"end":{"line":32,"column":82}},"8":{"start":{"line":32,"column":29},"end":{"line":32,"column":81}},"9":{"start":{"line":36,"column":4},"end":{"line":38,"column":5}},"10":{"start":{"line":37,"column":6},"end":{"line":37,"column":63}},"11":{"start":{"line":37,"column":36},"end":{"line":37,"column":61}},"12":{"start":{"line":40,"column":18},"end":{"line":40,"column":31}},"13":{"start":{"line":41,"column":17},"end":{"line":41,"column":32}},"14":{"start":{"line":42,"column":18},"end":{"line":42,"column":35}},"15":{"start":{"line":43,"column":18},"end":{"line":43,"column":36}},"16":{"start":{"line":45,"column":4},"end":{"line":50,"column":6}},"17":{"start":{"line":54,"column":19},"end":{"line":54,"column":60}},"18":{"start":{"line":55,"column":17},"end":{"line":55,"column":32}},"19":{"start":{"line":56,"column":4},"end":{"line":61,"column":6}},"20":{"start":{"line":58,"column":8},"end":{"line":60,"column":47}},"21":{"start":{"line":65,"column":19},"end":{"line":65,"column":60}},"22":{"start":{"line":66,"column":18},"end":{"line":66,"column":49}},"23":{"start":{"line":66,"column":37},"end":{"line":66,"column":48}},"24":{"start":{"line":67,"column":4},"end":{"line":69,"column":5}},"25":{"start":{"line":68,"column":6},"end":{"line":68,"column":67}},"26":{"start":{"line":70,"column":4},"end":{"line":70,"column":17}},"27":{"start":{"line":74,"column":19},"end":{"line":74,"column":60}},"28":{"start":{"line":75,"column":4},"end":{"line":75,"column":43}},"29":{"start":{"line":75,"column":30},"end":{"line":75,"column":41}},"30":{"start":{"line":79,"column":19},"end":{"line":79,"column":60}},"31":{"start":{"line":81,"column":4},"end":{"line":83,"column":5}},"32":{"start":{"line":81,"column":27},"end":{"line":81,"column":76}},"33":{"start":{"line":82,"column":6},"end":{"line":82,"column":82}},"34":{"start":{"line":85,"column":19},"end":{"line":85,"column":83}},"35":{"start":{"line":85,"column":69},"end":{"line":85,"column":73}},"36":{"start":{"line":86,"column":28},"end":{"line":86,"column":50}},"37":{"start":{"line":88,"column":4},"end":{"line":88,"column":61}},"38":{"start":{"line":89,"column":4},"end":{"line":89,"column":20}},"39":{"start":{"line":93,"column":19},"end":{"line":93,"column":60}},"40":{"start":{"line":94,"column":18},"end":{"line":94,"column":54}},"41":{"start":{"line":94,"column":42},"end":{"line":94,"column":53}},"42":{"start":{"line":95,"column":4},"end":{"line":97,"column":5}},"43":{"start":{"line":96,"column":6},"end":{"line":96,"column":67}},"44":{"start":{"line":99,"column":21},"end":{"line":100,"column":null}},"45":{"start":{"line":100,"column":13},"end":{"line":100,"column":77}},"46":{"start":{"line":102,"column":4},"end":{"line":104,"column":5}},"47":{"start":{"line":103,"column":6},"end":{"line":103,"column":82}},"48":{"start":{"line":106,"column":27},"end":{"line":106,"column":41}},"49":{"start":{"line":107,"column":4},"end":{"line":107,"column":28}},"50":{"start":{"line":108,"column":4},"end":{"line":108,"column":46}},"51":{"start":{"line":109,"column":4},"end":{"line":109,"column":19}},"52":{"start":{"line":113,"column":19},"end":{"line":113,"column":60}},"53":{"start":{"line":114,"column":18},"end":{"line":114,"column":54}},"54":{"start":{"line":114,"column":42},"end":{"line":114,"column":53}},"55":{"start":{"line":115,"column":4},"end":{"line":117,"column":5}},"56":{"start":{"line":116,"column":6},"end":{"line":116,"column":67}},"57":{"start":{"line":119,"column":4},"end":{"line":126,"column":5}},"58":{"start":{"line":120,"column":23},"end":{"line":121,"column":null}},"59":{"start":{"line":121,"column":15},"end":{"line":121,"column":80}},"60":{"start":{"line":123,"column":6},"end":{"line":125,"column":7}},"61":{"start":{"line":124,"column":8},"end":{"line":124,"column":84}},"62":{"start":{"line":128,"column":27},"end":{"line":128,"column":55}},"63":{"start":{"line":129,"column":4},"end":{"line":129,"column":28}},"64":{"start":{"line":130,"column":4},"end":{"line":130,"column":46}},"65":{"start":{"line":131,"column":4},"end":{"line":131,"column":19}},"66":{"start":{"line":135,"column":19},"end":{"line":135,"column":60}},"67":{"start":{"line":136,"column":18},"end":{"line":136,"column":54}},"68":{"start":{"line":136,"column":42},"end":{"line":136,"column":53}},"69":{"start":{"line":137,"column":4},"end":{"line":139,"column":5}},"70":{"start":{"line":138,"column":6},"end":{"line":138,"column":67}},"71":{"start":{"line":140,"column":4},"end":{"line":140,"column":28}},"72":{"start":{"line":141,"column":4},"end":{"line":141,"column":46}},"73":{"start":{"line":24,"column":13},"end":{"line":24,"column":26}},"74":{"start":{"line":24,"column":13},"end":{"line":143,"column":null}}},"fnMap":{"0":{"name":"(anonymous_2)","decl":{"start":{"line":25,"column":2},"end":{"line":25,"column":31}},"loc":{"start":{"line":25,"column":54},"end":{"line":25,"column":58}}},"1":{"name":"(anonymous_3)","decl":{"start":{"line":27,"column":2},"end":{"line":27,"column":9}},"loc":{"start":{"line":27,"column":30},"end":{"line":51,"column":3}}},"2":{"name":"(anonymous_4)","decl":{"start":{"line":31,"column":29},"end":{"line":31,"column":30}},"loc":{"start":{"line":32,"column":8},"end":{"line":32,"column":82}}},"3":{"name":"(anonymous_5)","decl":{"start":{"line":32,"column":22},"end":{"line":32,"column":23}},"loc":{"start":{"line":32,"column":29},"end":{"line":32,"column":81}}},"4":{"name":"(anonymous_6)","decl":{"start":{"line":37,"column":29},"end":{"line":37,"column":30}},"loc":{"start":{"line":37,"column":36},"end":{"line":37,"column":61}}},"5":{"name":"(anonymous_7)","decl":{"start":{"line":53,"column":2},"end":{"line":53,"column":8}},"loc":{"start":{"line":53,"column":18},"end":{"line":62,"column":3}}},"6":{"name":"(anonymous_8)","decl":{"start":{"line":57,"column":6},"end":{"line":57,"column":7}},"loc":{"start":{"line":58,"column":8},"end":{"line":60,"column":47}}},"7":{"name":"(anonymous_9)","decl":{"start":{"line":64,"column":2},"end":{"line":64,"column":9}},"loc":{"start":{"line":64,"column":20},"end":{"line":71,"column":3}}},"8":{"name":"(anonymous_10)","decl":{"start":{"line":66,"column":30},"end":{"line":66,"column":31}},"loc":{"start":{"line":66,"column":37},"end":{"line":66,"column":48}}},"9":{"name":"(anonymous_11)","decl":{"start":{"line":73,"column":2},"end":{"line":73,"column":8}},"loc":{"start":{"line":73,"column":19},"end":{"line":76,"column":3}}},"10":{"name":"(anonymous_12)","decl":{"start":{"line":75,"column":23},"end":{"line":75,"column":24}},"loc":{"start":{"line":75,"column":30},"end":{"line":75,"column":41}}},"11":{"name":"(anonymous_13)","decl":{"start":{"line":78,"column":2},"end":{"line":78,"column":8}},"loc":{"start":{"line":78,"column":28},"end":{"line":90,"column":3}}},"12":{"name":"(anonymous_14)","decl":{"start":{"line":81,"column":20},"end":{"line":81,"column":21}},"loc":{"start":{"line":81,"column":27},"end":{"line":81,"column":76}}},"13":{"name":"(anonymous_15)","decl":{"start":{"line":85,"column":62},"end":{"line":85,"column":63}},"loc":{"start":{"line":85,"column":69},"end":{"line":85,"column":73}}},"14":{"name":"(anonymous_16)","decl":{"start":{"line":92,"column":2},"end":{"line":92,"column":9}},"loc":{"start":{"line":92,"column":41},"end":{"line":110,"column":3}}},"15":{"name":"(anonymous_17)","decl":{"start":{"line":94,"column":35},"end":{"line":94,"column":36}},"loc":{"start":{"line":94,"column":42},"end":{"line":94,"column":53}}},"16":{"name":"(anonymous_18)","decl":{"start":{"line":100,"column":6},"end":{"line":100,"column":7}},"loc":{"start":{"line":100,"column":13},"end":{"line":100,"column":77}}},"17":{"name":"(anonymous_19)","decl":{"start":{"line":112,"column":2},"end":{"line":112,"column":8}},"loc":{"start":{"line":112,"column":40},"end":{"line":132,"column":3}}},"18":{"name":"(anonymous_20)","decl":{"start":{"line":114,"column":35},"end":{"line":114,"column":36}},"loc":{"start":{"line":114,"column":42},"end":{"line":114,"column":53}}},"19":{"name":"(anonymous_21)","decl":{"start":{"line":121,"column":8},"end":{"line":121,"column":9}},"loc":{"start":{"line":121,"column":15},"end":{"line":121,"column":80}}},"20":{"name":"(anonymous_22)","decl":{"start":{"line":134,"column":2},"end":{"line":134,"column":8}},"loc":{"start":{"line":134,"column":19},"end":{"line":142,"column":3}}},"21":{"name":"(anonymous_23)","decl":{"start":{"line":136,"column":35},"end":{"line":136,"column":36}},"loc":{"start":{"line":136,"column":42},"end":{"line":136,"column":53}}}},"branchMap":{"0":{"loc":{"start":{"line":30,"column":4},"end":{"line":34,"column":5}},"type":"if","locations":[{"start":{"line":30,"column":4},"end":{"line":34,"column":5}},{"start":{},"end":{}}]},"1":{"loc":{"start":{"line":36,"column":4},"end":{"line":38,"column":5}},"type":"if","locations":[{"start":{"line":36,"column":4},"end":{"line":38,"column":5}},{"start":{},"end":{}}]},"2":{"loc":{"start":{"line":41,"column":17},"end":{"line":41,"column":32}},"type":"binary-expr","locations":[{"start":{"line":41,"column":17},"end":{"line":41,"column":27}},{"start":{"line":41,"column":31},"end":{"line":41,"column":32}}]},"3":{"loc":{"start":{"line":42,"column":18},"end":{"line":42,"column":35}},"type":"binary-expr","locations":[{"start":{"line":42,"column":18},"end":{"line":42,"column":29}},{"start":{"line":42,"column":33},"end":{"line":42,"column":35}}]},"4":{"loc":{"start":{"line":58,"column":8},"end":{"line":60,"column":47}},"type":"binary-expr","locations":[{"start":{"line":58,"column":8},"end":{"line":58,"column":44}},{"start":{"line":59,"column":8},"end":{"line":59,"column":45}},{"start":{"line":60,"column":8},"end":{"line":60,"column":47}}]},"5":{"loc":{"start":{"line":67,"column":4},"end":{"line":69,"column":5}},"type":"if","locations":[{"start":{"line":67,"column":4},"end":{"line":69,"column":5}},{"start":{},"end":{}}]},"6":{"loc":{"start":{"line":81,"column":4},"end":{"line":83,"column":5}},"type":"if","locations":[{"start":{"line":81,"column":4},"end":{"line":83,"column":5}},{"start":{},"end":{}}]},"7":{"loc":{"start":{"line":85,"column":19},"end":{"line":85,"column":83}},"type":"cond-expr","locations":[{"start":{"line":85,"column":39},"end":{"line":85,"column":79}},{"start":{"line":85,"column":82},"end":{"line":85,"column":83}}]},"8":{"loc":{"start":{"line":95,"column":4},"end":{"line":97,"column":5}},"type":"if","locations":[{"start":{"line":95,"column":4},"end":{"line":97,"column":5}},{"start":{},"end":{}}]},"9":{"loc":{"start":{"line":100,"column":13},"end":{"line":100,"column":77}},"type":"binary-expr","locations":[{"start":{"line":100,"column":13},"end":{"line":100,"column":62}},{"start":{"line":100,"column":66},"end":{"line":100,"column":77}}]},"10":{"loc":{"start":{"line":102,"column":4},"end":{"line":104,"column":5}},"type":"if","locations":[{"start":{"line":102,"column":4},"end":{"line":104,"column":5}},{"start":{},"end":{}}]},"11":{"loc":{"start":{"line":115,"column":4},"end":{"line":117,"column":5}},"type":"if","locations":[{"start":{"line":115,"column":4},"end":{"line":117,"column":5}},{"start":{},"end":{}}]},"12":{"loc":{"start":{"line":119,"column":4},"end":{"line":126,"column":5}},"type":"if","locations":[{"start":{"line":119,"column":4},"end":{"line":126,"column":5}},{"start":{},"end":{}}]},"13":{"loc":{"start":{"line":121,"column":15},"end":{"line":121,"column":80}},"type":"binary-expr","locations":[{"start":{"line":121,"column":15},"end":{"line":121,"column":65}},{"start":{"line":121,"column":69},"end":{"line":121,"column":80}}]},"14":{"loc":{"start":{"line":123,"column":6},"end":{"line":125,"column":7}},"type":"if","locations":[{"start":{"line":123,"column":6},"end":{"line":125,"column":7}},{"start":{},"end":{}}]},"15":{"loc":{"start":{"line":137,"column":4},"end":{"line":139,"column":5}},"type":"if","locations":[{"start":{"line":137,"column":4},"end":{"line":139,"column":5}},{"start":{},"end":{}}]},"16":{"loc":{"start":{"line":25,"column":40},"end":{"line":25,"column":57}},"type":"cond-expr","locations":[{"start":{"line":25,"column":54},"end":{"line":25,"column":57}},{"start":{"line":25,"column":54},"end":{"line":25,"column":57}}]},"17":{"loc":{"start":{"line":25,"column":40},"end":{"line":25,"column":54}},"type":"binary-expr","locations":[{"start":{"line":25,"column":40},"end":{"line":25,"column":57}},{"start":{"line":25,"column":40},"end":{"line":25,"column":54}}]}},"s":{"0":2,"1":2,"2":2,"3":33,"4":7,"5":7,"6":2,"7":6,"8":11,"9":7,"10":3,"11":9,"12":7,"13":7,"14":7,"15":7,"16":7,"17":6,"18":6,"19":6,"20":18,"21":3,"22":3,"23":7,"24":3,"25":2,"26":1,"27":2,"28":2,"29":4,"30":5,"31":5,"32":8,"33":2,"34":3,"35":6,"36":3,"37":3,"38":3,"39":4,"40":4,"41":6,"42":4,"43":1,"44":3,"45":8,"46":3,"47":1,"48":2,"49":2,"50":2,"51":2,"52":4,"53":4,"54":6,"55":4,"56":1,"57":3,"58":2,"59":5,"60":2,"61":1,"62":2,"63":2,"64":2,"65":2,"66":4,"67":4,"68":8,"69":4,"70":2,"71":2,"72":2,"73":2,"74":2},"f":{"0":33,"1":7,"2":6,"3":11,"4":9,"5":6,"6":18,"7":3,"8":7,"9":2,"10":4,"11":5,"12":8,"13":6,"14":4,"15":6,"16":8,"17":4,"18":6,"19":5,"20":4,"21":8},"b":{"0":[2,5],"1":[3,4],"2":[7,5],"3":[7,5],"4":[18,17,16],"5":[2,1],"6":[2,3],"7":[2,1],"8":[1,3],"9":[8,2],"10":[1,2],"11":[1,3],"12":[2,1],"13":[5,2],"14":[1,1],"15":[2,2],"16":[2,0],"17":[2,2]}}
,"/home/nicoh/esgi/nest/manga-api/src/mangas/dto/create-manga.dto.ts": {"path":"/home/nicoh/esgi/nest/manga-api/src/mangas/dto/create-manga.dto.ts","statementMap":{"0":{"start":{"line":1,"column":0},"end":{"line":1,"column":null}},"1":{"start":{"line":12,"column":0},"end":{"line":12,"column":46}},"2":{"start":{"line":14,"column":0},"end":{"line":14,"column":null}},"3":{"start":{"line":15,"column":2},"end":{"line":15,"column":null}},"4":{"start":{"line":16,"column":2},"end":{"line":16,"column":null}},"5":{"start":{"line":17,"column":2},"end":{"line":17,"column":null}},"6":{"start":{"line":20,"column":0},"end":{"line":20,"column":13}},"7":{"start":{"line":25,"column":2},"end":{"line":25,"column":null}},"8":{"start":{"line":31,"column":2},"end":{"line":31,"column":null}},"9":{"start":{"line":37,"column":2},"end":{"line":37,"column":null}},"10":{"start":{"line":43,"column":2},"end":{"line":43,"column":null}},"11":{"start":{"line":48,"column":2},"end":{"line":48,"column":null}},"12":{"start":{"line":54,"column":2},"end":{"line":54,"column":null}},"13":{"start":{"line":60,"column":2},"end":{"line":60,"column":null}},"14":{"start":{"line":66,"column":2},"end":{"line":66,"column":null}}},"fnMap":{"0":{"name":"(anonymous_2)","decl":{"start":{"line":14,"column":0},"end":{"line":14,"column":12}},"loc":{"start":{"line":14,"column":23},"end":{"line":18,"column":1}}}},"branchMap":{"0":{"loc":{"start":{"line":14,"column":12},"end":{"line":14,"column":null}},"type":"binary-expr","locations":[{"start":{"line":14,"column":12},"end":{"line":14,"column":23}},{"start":{"line":14,"column":23},"end":{"line":14,"column":null}}]}},"s":{"0":2,"1":2,"2":2,"3":2,"4":2,"5":2,"6":2,"7":2,"8":2,"9":2,"10":2,"11":2,"12":2,"13":2,"14":2},"f":{"0":2},"b":{"0":[2,2]}}
,"/home/nicoh/esgi/nest/manga-api/src/mangas/dto/query-manga.dto.ts": {"path":"/home/nicoh/esgi/nest/manga-api/src/mangas/dto/query-manga.dto.ts","statementMap":{"0":{"start":{"line":1,"column":0},"end":{"line":1,"column":80}},"1":{"start":{"line":2,"column":0},"end":{"line":2,"column":41}},"2":{"start":{"line":3,"column":0},"end":{"line":3,"column":49}},"3":{"start":{"line":5,"column":0},"end":{"line":5,"column":13}},"4":{"start":{"line":10,"column":2},"end":{"line":10,"column":null}},"5":{"start":{"line":7,"column":14},"end":{"line":7,"column":20}},"6":{"start":{"line":17,"column":2},"end":{"line":17,"column":null}},"7":{"start":{"line":13,"column":14},"end":{"line":13,"column":20}},"8":{"start":{"line":21,"column":2},"end":{"line":21,"column":null}},"9":{"start":{"line":27,"column":2},"end":{"line":27,"column":null}}},"fnMap":{"0":{"name":"(anonymous_2)","decl":{"start":{"line":7,"column":8},"end":{"line":7,"column":11}},"loc":{"start":{"line":7,"column":14},"end":{"line":7,"column":20}}},"1":{"name":"(anonymous_3)","decl":{"start":{"line":13,"column":8},"end":{"line":13,"column":11}},"loc":{"start":{"line":13,"column":14},"end":{"line":13,"column":20}}}},"branchMap":{"0":{"loc":{"start":{"line":27,"column":11},"end":{"line":27,"column":23}},"type":"cond-expr","locations":[{"start":{"line":27,"column":22},"end":{"line":27,"column":23}},{"start":{"line":27,"column":22},"end":{"line":27,"column":23}}]},"1":{"loc":{"start":{"line":27,"column":11},"end":{"line":27,"column":22}},"type":"binary-expr","locations":[{"start":{"line":27,"column":11},"end":{"line":27,"column":23}},{"start":{"line":27,"column":11},"end":{"line":27,"column":22}}]}},"s":{"0":1,"1":1,"2":1,"3":1,"4":1,"5":0,"6":1,"7":0,"8":1,"9":1},"f":{"0":0,"1":0},"b":{"0":[0,1],"1":[1,1]}}
,"/home/nicoh/esgi/nest/manga-api/src/mangas/dto/update-manga.dto.ts": {"path":"/home/nicoh/esgi/nest/manga-api/src/mangas/dto/update-manga.dto.ts","statementMap":{"0":{"start":{"line":1,"column":0},"end":{"line":1,"column":51}},"1":{"start":{"line":2,"column":0},"end":{"line":2,"column":52}},"2":{"start":{"line":8,"column":0},"end":{"line":8,"column":13}}},"fnMap":{},"branchMap":{},"s":{"0":1,"1":1,"2":1},"f":{},"b":{}}
,"/home/nicoh/esgi/nest/manga-api/src/storage/storage.module.ts": {"path":"/home/nicoh/esgi/nest/manga-api/src/storage/storage.module.ts","statementMap":{"0":{"start":{"line":1,"column":0},"end":{"line":1,"column":48}},"1":{"start":{"line":2,"column":0},"end":{"line":2,"column":51}},"2":{"start":{"line":9,"column":7},"end":{"line":9,"column":null}},"3":{"start":{"line":9,"column":13},"end":{"line":9,"column":26}},"4":{"start":{"line":9,"column":13},"end":{"line":9,"column":null}}},"fnMap":{},"branchMap":{},"s":{"0":0,"1":0,"2":0,"3":0,"4":0},"f":{},"b":{}}
,"/home/nicoh/esgi/nest/manga-api/src/storage/storage.service.ts": {"path":"/home/nicoh/esgi/nest/manga-api/src/storage/storage.service.ts","statementMap":{"0":{"start":{"line":1,"column":0},"end":{"line":1,"column":44}},"1":{"start":{"line":2,"column":0},"end":{"line":2,"column":25}},"2":{"start":{"line":3,"column":0},"end":{"line":3,"column":29}},"3":{"start":{"line":6,"column":7},"end":{"line":19,"column":null}},"4":{"start":{"line":7,"column":29},"end":{"line":7,"column":63}},"5":{"start":{"line":10,"column":21},"end":{"line":10,"column":54}},"6":{"start":{"line":11,"column":16},"end":{"line":11,"column":50}},"7":{"start":{"line":12,"column":4},"end":{"line":12,"column":32}},"8":{"start":{"line":16,"column":21},"end":{"line":16,"column":54}},"9":{"start":{"line":17,"column":4},"end":{"line":17,"column":71}},"10":{"start":{"line":6,"column":13},"end":{"line":6,"column":27}},"11":{"start":{"line":6,"column":13},"end":{"line":19,"column":null}}},"fnMap":{"0":{"name":"(anonymous_10)","decl":{"start":{"line":9,"column":2},"end":{"line":9,"column":6}},"loc":{"start":{"line":9,"column":26},"end":{"line":13,"column":3}}},"1":{"name":"(anonymous_11)","decl":{"start":{"line":15,"column":2},"end":{"line":15,"column":7}},"loc":{"start":{"line":15,"column":36},"end":{"line":18,"column":3}}}},"branchMap":{},"s":{"0":6,"1":6,"2":6,"3":6,"4":4,"5":2,"6":2,"7":2,"8":2,"9":2,"10":6,"11":6},"f":{"0":2,"1":2},"b":{}}
}
