TN:
SF:src/app.controller.ts
FN:8,(anonymous_2)
FN:20,(anonymous_3)
FNF:2
FNH:2
FNDA:2,(anonymous_2)
FNDA:2,(anonymous_3)
DA:1,1
DA:2,1
DA:5,1
DA:8,1
DA:9,2
DA:20,1
DA:21,2
LF:7
LH:7
BRF:0
BRH:0
end_of_record
TN:
SF:src/app.module.ts
FNF:0
FNH:0
DA:1,0
DA:2,0
DA:3,0
DA:4,0
DA:5,0
DA:6,0
DA:7,0
DA:8,0
DA:9,0
DA:43,0
LF:10
LH:0
BRF:0
BRH:0
end_of_record
TN:
SF:src/main.ts
FN:7,bootstrap
FNF:1
FNH:0
FNDA:0,bootstrap
DA:1,0
DA:2,0
DA:3,0
DA:4,0
DA:5,0
DA:8,0
DA:10,0
DA:12,0
DA:14,0
DA:22,0
DA:26,0
DA:37,0
DA:41,0
DA:46,0
DA:47,0
DA:51,0
DA:53,0
DA:54,0
DA:55,0
DA:57,0
LF:20
LH:0
BRDA:51,0,0,0
BRDA:51,0,1,0
BRF:2
BRH:0
end_of_record
TN:
SF:src/auth/auth.controller.ts
FN:25,(anonymous_4)
FN:33,(anonymous_5)
FN:44,(anonymous_6)
FN:54,(anonymous_7)
FN:65,(anonymous_8)
FNF:5
FNH:5
FNDA:4,(anonymous_4)
FNDA:1,(anonymous_5)
FNDA:1,(anonymous_6)
FNDA:1,(anonymous_7)
FNDA:1,(anonymous_8)
DA:1,1
DA:11,1
DA:18,1
DA:19,1
DA:20,1
DA:24,1
DA:25,4
DA:33,1
DA:34,1
DA:44,1
DA:45,1
DA:46,1
DA:54,1
DA:55,1
DA:56,1
DA:65,1
DA:66,1
DA:67,1
LF:18
LH:18
BRDA:33,0,0,1
BRDA:33,0,1,0
BRDA:33,1,0,1
BRDA:33,1,1,1
BRDA:25,2,0,1
BRDA:25,2,1,0
BRDA:25,3,0,1
BRDA:25,3,1,1
BRF:8
BRH:6
end_of_record
TN:
SF:src/auth/auth.module.ts
FNF:0
FNH:0
DA:1,0
DA:2,0
DA:3,0
DA:10,0
LF:4
LH:0
BRF:0
BRH:0
end_of_record
TN:
SF:src/auth/auth.service.ts
FN:19,(anonymous_2)
FN:21,(anonymous_3)
FN:24,(anonymous_4)
FN:41,(anonymous_5)
FN:43,(anonymous_6)
FN:50,(anonymous_7)
FN:52,(anonymous_8)
FN:64,(anonymous_9)
FN:66,(anonymous_10)
FN:75,(anonymous_11)
FN:77,(anonymous_12)
FNF:11
FNH:11
FNDA:15,(anonymous_2)
FNDA:5,(anonymous_3)
FNDA:6,(anonymous_4)
FNDA:2,(anonymous_5)
FNDA:3,(anonymous_6)
FNDA:3,(anonymous_7)
FNDA:6,(anonymous_8)
FNDA:3,(anonymous_9)
FNDA:6,(anonymous_10)
FNDA:2,(anonymous_11)
FNDA:3,(anonymous_12)
DA:1,3
DA:6,3
DA:7,3
DA:18,3
DA:19,15
DA:22,5
DA:24,6
DA:25,2
DA:28,3
DA:36,3
DA:38,3
DA:42,2
DA:43,3
DA:44,2
DA:45,1
DA:47,1
DA:51,3
DA:52,6
DA:53,3
DA:54,1
DA:57,2
DA:58,2
DA:59,2
DA:61,2
DA:65,3
DA:66,6
DA:67,3
DA:68,1
DA:71,2
DA:72,2
DA:76,2
DA:77,3
LF:32
LH:32
BRDA:24,0,0,2
BRDA:24,0,1,3
BRDA:44,1,0,1
BRDA:44,1,1,1
BRDA:53,2,0,1
BRDA:53,2,1,2
BRDA:67,3,0,1
BRDA:67,3,1,2
BRDA:19,4,0,3
BRDA:19,4,1,0
BRDA:19,5,0,3
BRDA:19,5,1,3
BRF:12
BRH:11
end_of_record
TN:
SF:src/auth/dto/register.dto.ts
FNF:0
FNH:0
DA:1,1
DA:2,1
DA:4,1
DA:8,1
LF:4
LH:4
BRF:0
BRH:0
end_of_record
TN:
SF:src/common/decorators/admin.decorator.ts
FN:9,(anonymous_0)
FNF:1
FNH:1
FNDA:4,(anonymous_0)
DA:1,2
DA:3,2
DA:9,4
LF:3
LH:3
BRF:0
BRH:0
end_of_record
TN:
SF:src/common/decorators/public.decorator.ts
FN:9,(anonymous_0)
FNF:1
FNH:1
FNDA:2,(anonymous_0)
DA:1,3
DA:3,3
DA:9,3
LF:3
LH:3
BRF:0
BRH:0
end_of_record
TN:
SF:src/common/filters/http-exception.filter.ts
FN:23,(anonymous_1)
FN:69,(anonymous_2)
FNF:2
FNH:2
FNDA:12,(anonymous_1)
FNDA:9,(anonymous_2)
DA:1,1
DA:20,1
DA:21,12
DA:24,12
DA:25,12
DA:26,12
DA:32,12
DA:33,9
DA:34,9
DA:36,9
DA:37,8
DA:38,1
DA:39,1
DA:41,1
DA:43,0
DA:46,9
DA:49,3
DA:50,3
DA:52,3
DA:55,3
DA:58,12
DA:66,12
DA:70,9
DA:80,9
LF:24
LH:23
BRDA:32,0,0,9
BRDA:32,0,1,3
BRDA:36,1,0,8
BRDA:36,1,1,1
BRDA:38,2,0,1
BRDA:38,2,1,0
BRDA:38,3,0,1
BRDA:38,3,1,1
BRDA:41,4,0,1
BRDA:41,4,1,0
BRDA:55,5,0,3
BRDA:55,5,1,0
BRDA:80,6,0,9
BRDA:80,6,1,0
BRF:14
BRH:10
end_of_record
TN:
SF:src/common/guards/admin.guard.ts
FN:14,(anonymous_2)
FN:16,(anonymous_3)
FNF:2
FNH:2
FNDA:5,(anonymous_2)
FNDA:5,(anonymous_3)
DA:1,1
DA:7,1
DA:9,1
DA:13,1
DA:14,5
DA:17,5
DA:22,5
DA:23,2
DA:26,3
DA:27,3
DA:31,3
DA:32,2
DA:37,1
LF:13
LH:13
BRDA:22,0,0,2
BRDA:22,0,1,3
BRDA:31,1,0,2
BRDA:31,1,1,1
BRDA:31,2,0,3
BRDA:31,2,1,2
BRDA:14,3,0,1
BRDA:14,3,1,0
BRDA:14,4,0,1
BRDA:14,4,1,1
BRF:10
BRH:9
end_of_record
TN:
SF:src/common/guards/api-key.guard.ts
FN:15,(anonymous_2)
FN:20,(anonymous_3)
FNF:2
FNH:2
FNDA:5,(anonymous_2)
FNDA:5,(anonymous_3)
DA:1,1
DA:8,1
DA:10,1
DA:11,1
DA:14,1
DA:16,5
DA:17,5
DA:22,5
DA:27,5
DA:28,1
DA:31,4
DA:32,4
DA:35,4
DA:36,1
DA:41,3
DA:44,3
DA:45,1
DA:49,2
DA:51,2
LF:19
LH:19
BRDA:27,0,0,1
BRDA:27,0,1,4
BRDA:35,1,0,1
BRDA:35,1,1,3
BRDA:44,2,0,1
BRDA:44,2,1,2
BRDA:16,3,0,1
BRDA:16,3,1,0
BRDA:16,4,0,1
BRDA:16,4,1,1
BRDA:16,5,0,1
BRDA:16,5,1,0
BRDA:16,6,0,1
BRDA:16,6,1,1
BRF:14
BRH:12
end_of_record
TN:
SF:src/mangas/mangas.controller.ts
FN:36,(anonymous_4)
FN:50,(anonymous_5)
FN:59,(anonymous_6)
FN:71,(anonymous_7)
FN:81,(anonymous_8)
FN:95,(anonymous_9)
FN:106,(anonymous_10)
FN:116,(anonymous_11)
FN:127,(anonymous_12)
FNF:9
FNH:9
FNDA:11,(anonymous_4)
FNDA:2,(anonymous_5)
FNDA:3,(anonymous_6)
FNDA:1,(anonymous_7)
FNDA:1,(anonymous_8)
FNDA:1,(anonymous_9)
FNDA:1,(anonymous_10)
FNDA:1,(anonymous_11)
FNDA:1,(anonymous_12)
DA:1,1
DA:18,1
DA:26,1
DA:27,1
DA:28,1
DA:29,1
DA:30,1
DA:35,1
DA:36,11
DA:50,1
DA:51,2
DA:59,1
DA:60,3
DA:61,2
DA:63,1
DA:71,1
DA:72,1
DA:81,1
DA:82,1
DA:83,1
DA:95,1
DA:96,1
DA:106,1
DA:107,1
DA:116,1
DA:117,1
DA:127,1
DA:128,1
LF:28
LH:28
BRDA:60,0,0,2
BRDA:60,0,1,1
BRDA:60,1,0,3
BRDA:60,1,1,2
BRDA:50,2,0,1
BRDA:50,2,1,0
BRDA:50,3,0,1
BRDA:50,3,1,1
BRDA:95,4,0,1
BRDA:95,4,1,0
BRDA:95,5,0,1
BRDA:95,5,1,1
BRDA:106,6,0,1
BRDA:106,6,1,0
BRDA:106,7,0,1
BRDA:106,7,1,1
BRDA:116,8,0,1
BRDA:116,8,1,0
BRDA:116,9,0,1
BRDA:116,9,1,1
BRDA:36,10,0,1
BRDA:36,10,1,0
BRDA:36,11,0,1
BRDA:36,11,1,1
BRF:24
BRH:19
end_of_record
TN:
SF:src/mangas/mangas.module.ts
FNF:0
FNH:0
DA:1,0
DA:2,0
DA:3,0
DA:10,0
LF:4
LH:0
BRF:0
BRH:0
end_of_record
TN:
SF:src/mangas/mangas.service.ts
FN:25,(anonymous_2)
FN:27,(anonymous_3)
FN:31,(anonymous_4)
FN:32,(anonymous_5)
FN:37,(anonymous_6)
FN:53,(anonymous_7)
FN:57,(anonymous_8)
FN:64,(anonymous_9)
FN:66,(anonymous_10)
FN:73,(anonymous_11)
FN:75,(anonymous_12)
FN:78,(anonymous_13)
FN:81,(anonymous_14)
FN:85,(anonymous_15)
FN:92,(anonymous_16)
FN:94,(anonymous_17)
FN:100,(anonymous_18)
FN:112,(anonymous_19)
FN:114,(anonymous_20)
FN:121,(anonymous_21)
FN:134,(anonymous_22)
FN:136,(anonymous_23)
FNF:22
FNH:22
FNDA:33,(anonymous_2)
FNDA:7,(anonymous_3)
FNDA:6,(anonymous_4)
FNDA:11,(anonymous_5)
FNDA:9,(anonymous_6)
FNDA:6,(anonymous_7)
FNDA:18,(anonymous_8)
FNDA:3,(anonymous_9)
FNDA:7,(anonymous_10)
FNDA:2,(anonymous_11)
FNDA:4,(anonymous_12)
FNDA:5,(anonymous_13)
FNDA:8,(anonymous_14)
FNDA:6,(anonymous_15)
FNDA:4,(anonymous_16)
FNDA:6,(anonymous_17)
FNDA:8,(anonymous_18)
FNDA:4,(anonymous_19)
FNDA:6,(anonymous_20)
FNDA:5,(anonymous_21)
FNDA:4,(anonymous_22)
FNDA:8,(anonymous_23)
DA:1,2
DA:6,2
DA:24,2
DA:25,33
DA:28,7
DA:30,7
DA:31,2
DA:32,11
DA:36,7
DA:37,9
DA:40,7
DA:41,7
DA:42,7
DA:43,7
DA:45,7
DA:54,6
DA:55,6
DA:56,6
DA:58,18
DA:65,3
DA:66,7
DA:67,3
DA:68,2
DA:70,1
DA:74,2
DA:75,4
DA:79,5
DA:81,8
DA:82,2
DA:85,6
DA:86,3
DA:88,3
DA:89,3
DA:93,4
DA:94,6
DA:95,4
DA:96,1
DA:99,3
DA:100,8
DA:102,3
DA:103,1
DA:106,2
DA:107,2
DA:108,2
DA:109,2
DA:113,4
DA:114,6
DA:115,4
DA:116,1
DA:119,3
DA:120,2
DA:121,5
DA:123,2
DA:124,1
DA:128,2
DA:129,2
DA:130,2
DA:131,2
DA:135,4
DA:136,8
DA:137,4
DA:138,2
DA:140,2
DA:141,2
LF:64
LH:64
BRDA:30,0,0,2
BRDA:30,0,1,5
BRDA:36,1,0,3
BRDA:36,1,1,4
BRDA:41,2,0,7
BRDA:41,2,1,5
BRDA:42,3,0,7
BRDA:42,3,1,5
BRDA:58,4,0,18
BRDA:58,4,1,17
BRDA:58,4,2,16
BRDA:67,5,0,2
BRDA:67,5,1,1
BRDA:81,6,0,2
BRDA:81,6,1,3
BRDA:85,7,0,2
BRDA:85,7,1,1
BRDA:95,8,0,1
BRDA:95,8,1,3
BRDA:100,9,0,8
BRDA:100,9,1,2
BRDA:102,10,0,1
BRDA:102,10,1,2
BRDA:115,11,0,1
BRDA:115,11,1,3
BRDA:119,12,0,2
BRDA:119,12,1,1
BRDA:121,13,0,5
BRDA:121,13,1,2
BRDA:123,14,0,1
BRDA:123,14,1,1
BRDA:137,15,0,2
BRDA:137,15,1,2
BRDA:25,16,0,2
BRDA:25,16,1,0
BRDA:25,17,0,2
BRDA:25,17,1,2
BRF:37
BRH:36
end_of_record
TN:
SF:src/mangas/dto/create-manga.dto.ts
FN:14,(anonymous_2)
FNF:1
FNH:1
FNDA:2,(anonymous_2)
DA:1,2
DA:12,2
DA:14,2
DA:15,2
DA:16,2
DA:17,2
DA:20,2
DA:25,2
DA:31,2
DA:37,2
DA:43,2
DA:48,2
DA:54,2
DA:60,2
DA:66,2
LF:15
LH:15
BRDA:14,0,0,2
BRDA:14,0,1,2
BRF:2
BRH:2
end_of_record
TN:
SF:src/mangas/dto/query-manga.dto.ts
FN:7,(anonymous_2)
FN:13,(anonymous_3)
FNF:2
FNH:0
FNDA:0,(anonymous_2)
FNDA:0,(anonymous_3)
DA:1,1
DA:2,1
DA:3,1
DA:5,1
DA:7,0
DA:10,1
DA:13,0
DA:17,1
DA:21,1
DA:27,1
LF:10
LH:8
BRDA:27,0,0,0
BRDA:27,0,1,1
BRDA:27,1,0,1
BRDA:27,1,1,1
BRF:4
BRH:3
end_of_record
TN:
SF:src/mangas/dto/update-manga.dto.ts
FNF:0
FNH:0
DA:1,1
DA:2,1
DA:8,1
LF:3
LH:3
BRF:0
BRH:0
end_of_record
TN:
SF:src/storage/storage.module.ts
FNF:0
FNH:0
DA:1,0
DA:2,0
DA:9,0
LF:3
LH:0
BRF:0
BRH:0
end_of_record
TN:
SF:src/storage/storage.service.ts
FN:9,(anonymous_10)
FN:15,(anonymous_11)
FNF:2
FNH:2
FNDA:2,(anonymous_10)
FNDA:2,(anonymous_11)
DA:1,6
DA:2,6
DA:3,6
DA:6,6
DA:7,4
DA:10,2
DA:11,2
DA:12,2
DA:16,2
DA:17,2
LF:10
LH:10
BRF:0
BRH:0
end_of_record
